2025-11-17 13:48:00 | INFO | repo=Tic-Tac-Toe | action=commit
2025-07-10 10:17:00 | WARN | repo=Tic-Tac-Toe | action=commit
2025-02-26 07:50:00 | INFO | repo=Tic-Tac-Toe | action=commit
2025-07-25 20:09:00 | WARN | repo=Tic-Tac-Toe | action=commit
2025-12-01 20:40:00 | WARN | repo=Tic-Tac-Toe | action=commit
2025-01-16 20:37:00 | INFO | repo=Tic-Tac-Toe | action=commit
2025-04-05 18:49:00 | DEBUG | repo=Tic-Tac-Toe | action=commit
2025-05-17 09:37:00 | DEBUG | repo=Tic-Tac-Toe | action=commit
2025-04-04 14:01:00 | INFO | repo=Tic-Tac-Toe | action=commit
2025-10-21 16:34:00 | WARN | repo=Tic-Tac-Toe | action=commit
2025-09-24 21:48:00 | WARN | repo=Tic-Tac-Toe | action=commit
2025-08-16 18:47:00 | WARN | repo=Tic-Tac-Toe | action=commit
2025-11-12 08:02:00 | INFO | repo=Tic-Tac-Toe | action=commit
2025-10-18 17:17:00 | INFO | repo=Tic-Tac-Toe | action=commit
2025-11-08 21:40:00 | DEBUG | repo=Tic-Tac-Toe | action=commit
2025-03-24 17:14:00 | DEBUG | repo=Tic-Tac-Toe | action=commit
2025-11-08 08:40:00 | INFO | repo=Tic-Tac-Toe | action=commit
2025-01-07 14:47:00 | DEBUG | repo=Tic-Tac-Toe | action=commit
2025-02-22 07:09:00 | WARN | repo=Tic-Tac-Toe | action=commit
2025-06-27 09:27:00 | WARN | repo=Tic-Tac-Toe | action=commit
2025-02-04 13:56:00 | WARN | repo=Tic-Tac-Toe | action=commit
2025-01-17 09:35:00 | WARN | repo=Tic-Tac-Toe | action=commit
2025-12-01 18:48:00 | DEBUG | repo=Tic-Tac-Toe | action=commit
2025-01-12 16:13:00 | DEBUG | repo=Tic-Tac-Toe | action=commit
2025-08-17 15:28:00 | INFO | repo=Tic-Tac-Toe | action=pull
2025-01-22 07:15:00 | WARN | repo=Tic-Tac-Toe | action=commit
2025-08-01 08:49:00 | INFO | repo=Tic-Tac-Toe | action=commit
2025-12-21 19:47:00 | DEBUG | repo=Tic-Tac-Toe | action=commit
2025-08-17 19:23:00 | INFO | repo=Tic-Tac-Toe | action=edit | files=3
2025-02-13 10:44:00 | INFO | repo=Tic-Tac-Toe | action=commit
2025-04-04 11:21:00 | WARN | repo=Tic-Tac-Toe | action=commit
2025-03-07 10:23:00 | WARN | repo=Tic-Tac-Toe | action=commit
2025-10-13 12:12:00 | DEBUG | repo=Tic-Tac-Toe | action=commit
2025-03-12 12:03:00 | INFO | repo=Tic-Tac-Toe | action=test | passed=true
2025-07-07 21:00:00 | INFO | repo=Tic-Tac-Toe | action=commit
2025-05-26 10:39:00 | WARN | repo=Tic-Tac-Toe | action=edit | files=4
2025-08-12 17:30:00 | INFO | repo=Tic-Tac-Toe | action=commit
2025-02-23 08:15:00 | WARN | repo=Tic-Tac-Toe | action=commit
2025-02-24 18:59:00 | DEBUG | repo=Tic-Tac-Toe | action=commit
2025-10-20 21:48:00 | DEBUG | repo=Tic-Tac-Toe | action=commit
2025-02-03 13:38:00 | DEBUG | repo=Tic-Tac-Toe | action=commit
2025-09-24 18:13:00 | INFO | repo=Tic-Tac-Toe | action=pull
2025-04-01 08:52:00 | INFO | repo=Tic-Tac-Toe | action=test | passed=true
2025-07-17 19:25:00 | WARN | repo=Tic-Tac-Toe | action=commit
2025-07-05 07:38:00 | WARN | repo=Tic-Tac-Toe | action=pull
2025-02-28 21:23:00 | INFO | repo=Tic-Tac-Toe | action=commit
2025-08-06 21:51:00 | DEBUG | repo=Tic-Tac-Toe | action=commit
2025-10-04 11:14:00 | WARN | repo=Tic-Tac-Toe | action=pull
2025-09-20 09:46:00 | DEBUG | repo=Tic-Tac-Toe | action=commit
2025-08-25 11:45:00 | INFO | repo=Tic-Tac-Toe | action=pull
2025-08-26 10:40:00 | WARN | repo=Tic-Tac-Toe | action=commit
2025-01-08 20:08:00 | WARN | repo=Tic-Tac-Toe | action=test | passed=true
2025-09-07 08:50:00 | DEBUG | repo=Tic-Tac-Toe | action=commit
2025-01-20 14:58:00 | DEBUG | repo=Tic-Tac-Toe | action=commit
2025-07-07 09:06:00 | DEBUG | repo=Tic-Tac-Toe | action=edit | files=2
2025-11-28 18:59:00 | WARN | repo=Tic-Tac-Toe | action=commit
2025-06-18 21:48:00 | INFO | repo=Tic-Tac-Toe | action=commit
2025-04-10 08:42:00 | INFO | repo=Tic-Tac-Toe | action=test | passed=true
2025-10-17 10:25:00 | INFO | repo=Tic-Tac-Toe | action=pull
2025-07-25 12:07:00 | INFO | repo=Tic-Tac-Toe | action=commit
2025-01-11 18:23:00 | DEBUG | repo=Tic-Tac-Toe | action=edit | files=3
2025-03-26 17:28:00 | WARN | repo=Tic-Tac-Toe | action=commit
2025-04-02 09:18:00 | DEBUG | repo=Tic-Tac-Toe | action=commit
2025-02-22 13:19:00 | DEBUG | repo=Tic-Tac-Toe | action=commit
2025-05-28 07:05:00 | WARN | repo=Tic-Tac-Toe | action=commit
2025-08-21 17:23:00 | INFO | repo=Tic-Tac-Toe | action=commit
2025-05-16 13:24:00 | DEBUG | repo=Tic-Tac-Toe | action=commit
2025-12-25 11:04:00 | INFO | repo=Tic-Tac-Toe | action=pull
2025-10-09 12:19:00 | DEBUG | repo=Tic-Tac-Toe | action=commit
2025-11-10 21:12:00 | DEBUG | repo=Tic-Tac-Toe | action=commit
2025-01-26 08:27:00 | WARN | repo=Tic-Tac-Toe | action=commit
2025-01-19 07:33:00 | WARN | repo=Tic-Tac-Toe | action=commit
2025-10-07 16:22:00 | WARN | repo=Tic-Tac-Toe | action=commit
2025-05-12 20:05:00 | INFO | repo=Tic-Tac-Toe | action=edit | files=3
2025-12-22 20:30:00 | INFO | repo=Tic-Tac-Toe | action=commit
2025-11-03 07:59:00 | WARN | repo=Tic-Tac-Toe | action=commit
2025-05-11 17:08:00 | INFO | repo=Tic-Tac-Toe | action=commit
2025-03-06 15:54:00 | WARN | repo=Tic-Tac-Toe | action=commit
2025-12-22 15:38:00 | DEBUG | repo=Tic-Tac-Toe | action=pull
2025-01-02 20:20:00 | INFO | repo=Tic-Tac-Toe | action=commit
2025-03-26 18:32:00 | WARN | repo=Tic-Tac-Toe | action=edit | files=3
2025-04-11 08:58:00 | WARN | repo=Tic-Tac-Toe | action=commit
2025-04-18 20:01:00 | WARN | repo=Tic-Tac-Toe | action=edit | files=1
2025-02-01 14:45:00 | INFO | repo=Tic-Tac-Toe | action=commit
2025-06-12 19:44:00 | WARN | repo=Tic-Tac-Toe | action=commit
2025-02-18 08:31:00 | INFO | repo=Tic-Tac-Toe | action=commit
2025-06-08 07:18:00 | WARN | repo=Tic-Tac-Toe | action=commit
2025-01-06 09:32:00 | DEBUG | repo=Tic-Tac-Toe | action=test | passed=true
2025-06-01 07:24:00 | WARN | repo=Tic-Tac-Toe | action=commit
2025-11-25 12:31:00 | DEBUG | repo=Tic-Tac-Toe | action=test | passed=true
2025-01-14 20:54:00 | WARN | repo=Tic-Tac-Toe | action=test | passed=true
2025-09-08 12:55:00 | INFO | repo=Tic-Tac-Toe | action=commit
2025-09-11 10:38:00 | DEBUG | repo=Tic-Tac-Toe | action=commit
2025-07-04 07:58:00 | INFO | repo=Tic-Tac-Toe | action=pull
2025-09-22 08:05:00 | DEBUG | repo=Tic-Tac-Toe | action=commit
2025-11-16 11:03:00 | DEBUG | repo=Tic-Tac-Toe | action=commit
2025-08-03 12:34:00 | DEBUG | repo=Tic-Tac-Toe | action=test | passed=true
2025-09-13 15:48:00 | DEBUG | repo=Tic-Tac-Toe | action=edit | files=1
2025-05-11 21:33:00 | WARN | repo=Tic-Tac-Toe | action=test | passed=true
2025-01-14 21:27:00 | INFO | repo=Tic-Tac-Toe | action=commit
2025-02-02 20:52:00 | DEBUG | repo=Tic-Tac-Toe | action=edit | files=1
2026-10-06 08:22:00 | WARN | repo=Tic-Tac-Toe | action=commit
2026-09-05 18:05:00 | WARN | repo=Tic-Tac-Toe | action=commit
2026-01-13 11:02:00 | INFO | repo=Tic-Tac-Toe | action=commit
2026-04-18 10:29:00 | WARN | repo=Tic-Tac-Toe | action=pull
2026-12-20 19:25:00 | WARN | repo=Tic-Tac-Toe | action=commit
2026-10-22 07:38:00 | INFO | repo=Tic-Tac-Toe | action=test | passed=true
2026-09-08 08:08:00 | WARN | repo=Tic-Tac-Toe | action=commit
2026-04-11 13:53:00 | DEBUG | repo=Tic-Tac-Toe | action=commit
2026-02-05 21:24:00 | INFO | repo=Tic-Tac-Toe | action=commit
2026-04-22 13:11:00 | DEBUG | repo=Tic-Tac-Toe | action=commit
